<?xml version="1.0" encoding="UTF-8"?>
<testng-results ignored="0" total="2" passed="2" failed="0" skipped="0">
  <reporter-output>
  </reporter-output>
  <suite started-at="2023-06-15T12:10:20 IST" name="Surefire suite" finished-at="2023-06-15T12:10:20 IST" duration-ms="174">
    <groups>
    </groups>
    <test started-at="2023-06-15T12:10:20 IST" name="Surefire test" finished-at="2023-06-15T12:10:20 IST" duration-ms="174">
      <class name="com.sdet.AppTest">
        <test-method signature="TestLogin1()[pri:0, instance:com.sdet.AppTest@47542153]" started-at="2023-06-15T12:10:20 IST" name="TestLogin1" finished-at="2023-06-15T12:10:20 IST" duration-ms="34" status="PASS">
          <reporter-output>
          </reporter-output>
        </test-method> <!-- TestLogin1 -->
        <test-method signature="TestLogin2()[pri:0, instance:com.sdet.AppTest@47542153]" started-at="2023-06-15T12:10:20 IST" name="TestLogin2" finished-at="2023-06-15T12:10:20 IST" duration-ms="2" status="PASS">
          <reporter-output>
          </reporter-output>
        </test-method> <!-- TestLogin2 -->
      </class> <!-- com.sdet.AppTest -->
    </test> <!-- Surefire test -->
  </suite> <!-- Surefire suite -->
</testng-results>
